<?xml version="1.0" encoding="UTF-8"?>
<testng-results ignored="0" total="4" passed="4" failed="0" skipped="0">
  <reporter-output>
  </reporter-output>
  <suite started-at="2024-03-28T15:40:35 IST" name="Default suite" finished-at="2024-03-28T15:41:12 IST" duration-ms="37715">
    <groups>
      <group name="cucumber">
        <method signature="AbstractTestNGCucumberTests.runScenario(io.cucumber.testng.PickleWrapper,io.cucumber.testng.FeatureWrapper)[pri:0, instance:runner.runnerClass@4c163e3]" name="runScenario" class="io.cucumber.testng.AbstractTestNGCucumberTests"/>
      </group> <!-- cucumber -->
    </groups>
    <test started-at="2024-03-28T15:40:35 IST" name="Default test" finished-at="2024-03-28T15:41:12 IST" duration-ms="37715">
      <class name="runner.runnerClass">
        <test-method is-config="true" signature="setUpClass(org.testng.ITestContext)[pri:0, instance:runner.runnerClass@4c163e3]" started-at="2024-03-28T15:40:35 IST" name="setUpClass" finished-at="2024-03-28T15:40:35 IST" duration-ms="180" status="PASS">
          <params>
            <param index="0">
              <value>
                <![CDATA[org.testng.TestRunner@33d53216]]>
              </value>
            </param>
          </params>
          <reporter-output>
          </reporter-output>
        </test-method> <!-- setUpClass -->
        <test-method signature="runScenario(io.cucumber.testng.PickleWrapper,io.cucumber.testng.FeatureWrapper)[pri:0, instance:runner.runnerClass@4c163e3]" started-at="2024-03-28T15:40:35 IST" name="runScenario" description="Runs Cucumber Scenarios" data-provider="scenarios" finished-at="2024-03-28T15:40:48 IST" duration-ms="12680" status="PASS">
          <params>
            <param index="0">
              <value>
                <![CDATA["redRail homepage"]]>
              </value>
            </param>
            <param index="1">
              <value>
                <![CDATA["redRail HomePage"]]>
              </value>
            </param>
          </params>
          <reporter-output>
          </reporter-output>
        </test-method> <!-- runScenario -->
        <test-method signature="runScenario(io.cucumber.testng.PickleWrapper,io.cucumber.testng.FeatureWrapper)[pri:0, instance:runner.runnerClass@4c163e3]" started-at="2024-03-28T15:40:48 IST" name="runScenario" description="Runs Cucumber Scenarios" data-provider="scenarios" finished-at="2024-03-28T15:40:54 IST" duration-ms="6875" status="PASS">
          <params>
            <param index="0">
              <value>
                <![CDATA["User checks the train status"]]>
              </value>
            </param>
            <param index="1">
              <value>
                <![CDATA["redRail HomePage"]]>
              </value>
            </param>
          </params>
          <reporter-output>
          </reporter-output>
        </test-method> <!-- runScenario -->
        <test-method signature="runScenario(io.cucumber.testng.PickleWrapper,io.cucumber.testng.FeatureWrapper)[pri:0, instance:runner.runnerClass@4c163e3]" started-at="2024-03-28T15:40:54 IST" name="runScenario" description="Runs Cucumber Scenarios" data-provider="scenarios" finished-at="2024-03-28T15:41:01 IST" duration-ms="6468" status="PASS">
          <params>
            <param index="0">
              <value>
                <![CDATA["redRail homepage"]]>
              </value>
            </param>
            <param index="1">
              <value>
                <![CDATA["redRail HomePage"]]>
              </value>
            </param>
          </params>
          <reporter-output>
          </reporter-output>
        </test-method> <!-- runScenario -->
        <test-method signature="runScenario(io.cucumber.testng.PickleWrapper,io.cucumber.testng.FeatureWrapper)[pri:0, instance:runner.runnerClass@4c163e3]" started-at="2024-03-28T15:41:01 IST" name="runScenario" description="Runs Cucumber Scenarios" data-provider="scenarios" finished-at="2024-03-28T15:41:12 IST" duration-ms="11465" status="PASS">
          <params>
            <param index="0">
              <value>
                <![CDATA["redRail homepage"]]>
              </value>
            </param>
            <param index="1">
              <value>
                <![CDATA["redRail HomePage"]]>
              </value>
            </param>
          </params>
          <reporter-output>
          </reporter-output>
        </test-method> <!-- runScenario -->
        <test-method is-config="true" signature="tearDownClass()[pri:0, instance:runner.runnerClass@4c163e3]" started-at="2024-03-28T15:41:12 IST" name="tearDownClass" finished-at="2024-03-28T15:41:12 IST" duration-ms="2" status="PASS">
          <reporter-output>
          </reporter-output>
        </test-method> <!-- tearDownClass -->
      </class> <!-- runner.runnerClass -->
    </test> <!-- Default test -->
  </suite> <!-- Default suite -->
</testng-results>
